<?xml version="1.0" encoding="UTF-8"?>
<!-- Generated by org.testng.reporters.JUnitXMLReporter -->
<testsuite ignored="0" hostname="LAPTOP-Q4LION55" failures="0" tests="3" name="Default test" time="0.048" errors="0" timestamp="2022-03-22T07:31:06 IST">
  <testcase classname="com.training.parameters.DataProviderExample" name="sum" time="0.006"/>
  <testcase classname="com.training.parameters.DataProviderExample" name="sum" time="0.001"/>
  <testcase classname="com.training.parameters.DataProviderExample" name="sum" time="0.001"/>
</testsuite> <!-- Default test -->
