<?xml version="1.0" encoding="UTF-8"?>
<testng-results ignored="0" total="3" passed="3" failed="0" skipped="0">
  <reporter-output>
    <line>
      <![CDATA[Sum of both values is: 30]]>
    </line>
    <line>
      <![CDATA[Sum of both values is: 90]]>
    </line>
    <line>
      <![CDATA[Sum of both values is: 300]]>
    </line>
  </reporter-output>
  <suite started-at="2022-03-22T07:31:06 IST" name="Default suite" finished-at="2022-03-22T07:31:06 IST" duration-ms="48">
    <groups>
    </groups>
    <test started-at="2022-03-22T07:31:06 IST" name="Default test" finished-at="2022-03-22T07:31:06 IST" duration-ms="48">
      <class name="com.training.parameters.DataProviderExample">
        <test-method signature="sum(int,int)[pri:0, instance:com.training.parameters.DataProviderExample@1e6454ec]" started-at="2022-03-22T07:31:06 IST" name="sum" data-provider="dataProviderMethod" finished-at="2022-03-22T07:31:06 IST" duration-ms="6" status="PASS">
          <params>
            <param index="0">
              <value>
                <![CDATA[10]]>
              </value>
            </param>
            <param index="1">
              <value>
                <![CDATA[20]]>
              </value>
            </param>
          </params>
          <reporter-output>
            <line>
              <![CDATA[Sum of both values is: 30]]>
            </line>
          </reporter-output>
        </test-method> <!-- sum -->
        <test-method signature="sum(int,int)[pri:0, instance:com.training.parameters.DataProviderExample@1e6454ec]" started-at="2022-03-22T07:31:06 IST" name="sum" data-provider="dataProviderMethod" finished-at="2022-03-22T07:31:06 IST" duration-ms="1" status="PASS">
          <params>
            <param index="0">
              <value>
                <![CDATA[40]]>
              </value>
            </param>
            <param index="1">
              <value>
                <![CDATA[50]]>
              </value>
            </param>
          </params>
          <reporter-output>
            <line>
              <![CDATA[Sum of both values is: 90]]>
            </line>
          </reporter-output>
        </test-method> <!-- sum -->
        <test-method signature="sum(int,int)[pri:0, instance:com.training.parameters.DataProviderExample@1e6454ec]" started-at="2022-03-22T07:31:06 IST" name="sum" data-provider="dataProviderMethod" finished-at="2022-03-22T07:31:06 IST" duration-ms="1" status="PASS">
          <params>
            <param index="0">
              <value>
                <![CDATA[100]]>
              </value>
            </param>
            <param index="1">
              <value>
                <![CDATA[200]]>
              </value>
            </param>
          </params>
          <reporter-output>
            <line>
              <![CDATA[Sum of both values is: 300]]>
            </line>
          </reporter-output>
        </test-method> <!-- sum -->
      </class> <!-- com.training.parameters.DataProviderExample -->
    </test> <!-- Default test -->
  </suite> <!-- Default suite -->
</testng-results>
